{
  "RSpec": {
    "coverage": {
      "/Users/amyhunter/Desktop/capstone/roommates/app/controllers/bills_controller.rb": [
        1,
        1,
        2,
        null,
        null,
        1,
        1,
        null,
        null,
        1,
        4,
        4,
        2,
        null,
        2,
        null,
        null,
        null,
        1,
        1,
        null,
        null,
        1,
        1,
        null,
        null,
        1,
        0,
        0,
        0,
        null,
        0,
        null,
        null,
        null,
        1,
        1,
        1,
        null,
        null,
        1,
        1,
        4,
        null,
        null,
        null
      ],
      "/Users/amyhunter/Desktop/capstone/roommates/app/controllers/application_controller.rb": [
        1,
        null,
        null,
        1,
        null,
        1,
        null,
        1,
        null,
        1,
        16,
        null,
        null,
        1,
        0,
        0,
        0,
        null,
        null,
        null,
        1,
        0,
        null,
        null,
        null
      ],
      "/Users/amyhunter/Desktop/capstone/roommates/app/controllers/sessions_controller.rb": [
        1,
        1,
        null,
        1,
        1,
        1,
        null,
        null,
        1,
        4,
        4,
        4,
        4,
        null,
        null,
        1,
        1,
        1,
        null,
        null
      ],
      "/Users/amyhunter/Desktop/capstone/roommates/app/controllers/users_controller.rb": [
        1,
        1,
        0,
        null,
        null,
        null,
        null,
        1,
        null,
        null
      ],
      "/Users/amyhunter/Desktop/capstone/roommates/app/models/bill.rb": [
        1,
        1,
        1,
        null
      ],
      "/Users/amyhunter/Desktop/capstone/roommates/app/models/share.rb": [
        1,
        null
      ],
      "/Users/amyhunter/Desktop/capstone/roommates/app/models/user.rb": [
        1,
        1,
        1,
        null,
        1,
        1,
        null,
        1,
        6,
        6,
        null,
        1,
        5,
        4,
        4,
        4,
        4,
        4,
        4,
        4,
        null,
        4,
        4,
        null,
        null,
        null,
        null,
        null,
        null,
        1,
        null,
        null,
        null
      ]
    },
    "timestamp": 1456272975
  }
}
